# JRE version: OpenJDK Runtime Environment (8.0_112-b06) (build 1.8.0_112-release-b06)
# Java VM: OpenJDK 64-Bit Server VM (25.112-b06 mixed mode linux-amd64 compressed oops)
Heap:
 PSYoungGen      total 302592K, used 72696K [0x00000000e0000000, 0x00000000f7580000, 0x0000000100000000)
  eden space 229888K, 0% used [0x00000000e0000000,0x00000000e0000000,0x00000000ee080000)
  from space 72704K, 99% used [0x00000000ee080000,0x00000000f277e2c0,0x00000000f2780000)
  to   space 65536K, 0% used [0x00000000f2780000,0x00000000f2780000,0x00000000f6780000)
 ParOldGen       total 108544K, used 107312K [0x00000000a0000000, 0x00000000a6a00000, 0x00000000e0000000)
  object space 108544K, 98% used [0x00000000a0000000,0x00000000a68cc180,0x00000000a6a00000)
 Metaspace       used 79952K, capacity 84926K, committed 85120K, reserved 1124352K
  class space    used 10121K, capacity 10848K, committed 10880K, reserved 1048576K
GC Heap History (10 events):
Event: 13597.605 GC heap after
Heap after GC invocations=31 (full 3):
 PSYoungGen      total 190976K, used 28132K [0x00000000e0000000, 0x00000000eec00000, 0x0000000100000000)
  eden space 162816K, 0% used [0x00000000e0000000,0x00000000e0000000,0x00000000e9f00000)
  from space 28160K, 99% used [0x00000000ec100000,0x00000000edc79390,0x00000000edc80000)
  to   space 34816K, 0% used [0x00000000e9f00000,0x00000000e9f00000,0x00000000ec100000)
 ParOldGen       total 108544K, used 57682K [0x00000000a0000000, 0x00000000a6a00000, 0x00000000e0000000)
  object space 108544K, 53% used [0x00000000a0000000,0x00000000a3854a20,0x00000000a6a00000)
 Metaspace       used 79316K, capacity 84286K, committed 84352K, reserved 1122304K
  class space    used 10109K, capacity 10848K, committed 10880K, reserved 1048576K
}
Event: 13598.667 GC heap before
{Heap before GC invocations=32 (full 3):
 PSYoungGen      total 190976K, used 190948K [0x00000000e0000000, 0x00000000eec00000, 0x0000000100000000)
  eden space 162816K, 100% used [0x00000000e0000000,0x00000000e9f00000,0x00000000e9f00000)
  from space 28160K, 99% used [0x00000000ec100000,0x00000000edc79390,0x00000000edc80000)
  to   space 34816K, 0% used [0x00000000e9f00000,0x00000000e9f00000,0x00000000ec100000)
 ParOldGen       total 108544K, used 57682K [0x00000000a0000000, 0x00000000a6a00000, 0x00000000e0000000)
  object space 108544K, 53% used [0x00000000a0000000,0x00000000a3854a20,0x00000000a6a00000)
 Metaspace       used 79455K, capacity 84414K, committed 84608K, reserved 1122304K
  class space    used 10113K, capacity 10848K, committed 10880K, reserved 1048576K
Event: 13598.708 GC heap after
Heap after GC invocations=32 (full 3):
 PSYoungGen      total 197632K, used 34789K [0x00000000e0000000, 0x00000000f1a00000, 0x0000000100000000)
  eden space 162816K, 0% used [0x00000000e0000000,0x00000000e0000000,0x00000000e9f00000)
  from space 34816K, 99% used [0x00000000e9f00000,0x00000000ec0f9558,0x00000000ec100000)
  to   space 43008K, 0% used [0x00000000ef000000,0x00000000ef000000,0x00000000f1a00000)
 ParOldGen       total 108544K, used 67720K [0x00000000a0000000, 0x00000000a6a00000, 0x00000000e0000000)
  object space 108544K, 62% used [0x00000000a0000000,0x00000000a4222150,0x00000000a6a00000)
 Metaspace       used 79455K, capacity 84414K, committed 84608K, reserved 1122304K
  class space    used 10113K, capacity 10848K, committed 10880K, reserved 1048576K
}
Event: 13599.384 GC heap before
{Heap before GC invocations=33 (full 3):
 PSYoungGen      total 197632K, used 197605K [0x00000000e0000000, 0x00000000f1a00000, 0x0000000100000000)
  eden space 162816K, 100% used [0x00000000e0000000,0x00000000e9f00000,0x00000000e9f00000)
  from space 34816K, 99% used [0x00000000e9f00000,0x00000000ec0f9558,0x00000000ec100000)
  to   space 43008K, 0% used [0x00000000ef000000,0x00000000ef000000,0x00000000f1a00000)
 ParOldGen       total 108544K, used 67720K [0x00000000a0000000, 0x00000000a6a00000, 0x00000000e0000000)
  object space 108544K, 62% used [0x00000000a0000000,0x00000000a4222150,0x00000000a6a00000)
 Metaspace       used 79541K, capacity 84478K, committed 84608K, reserved 1122304K
  class space    used 10119K, capacity 10848K, committed 10880K, reserved 1048576K
Event: 13599.458 GC heap after
Heap after GC invocations=33 (full 3):
 PSYoungGen      total 233984K, used 42986K [0x00000000e0000000, 0x00000000f3180000, 0x0000000100000000)
  eden space 190976K, 0% used [0x00000000e0000000,0x00000000e0000000,0x00000000eba80000)
  from space 43008K, 99% used [0x00000000ef000000,0x00000000f19fa848,0x00000000f1a00000)
  to   space 54784K, 0% used [0x00000000eba80000,0x00000000eba80000,0x00000000ef000000)
 ParOldGen       total 108544K, used 82240K [0x00000000a0000000, 0x00000000a6a00000, 0x00000000e0000000)
  object space 108544K, 75% used [0x00000000a0000000,0x00000000a50503a0,0x00000000a6a00000)
 Metaspace       used 79541K, capacity 84478K, committed 84608K, reserved 1122304K
  class space    used 10119K, capacity 10848K, committed 10880K, reserved 1048576K
}
Event: 13600.520 GC heap before
{Heap before GC invocations=34 (full 3):
 PSYoungGen      total 233984K, used 233962K [0x00000000e0000000, 0x00000000f3180000, 0x0000000100000000)
  eden space 190976K, 100% used [0x00000000e0000000,0x00000000eba80000,0x00000000eba80000)
  from space 43008K, 99% used [0x00000000ef000000,0x00000000f19fa848,0x00000000f1a00000)
  to   space 54784K, 0% used [0x00000000eba80000,0x00000000eba80000,0x00000000ef000000)
 ParOldGen       total 108544K, used 82240K [0x00000000a0000000, 0x00000000a6a00000, 0x00000000e0000000)
  object space 108544K, 75% used [0x00000000a0000000,0x00000000a50503a0,0x00000000a6a00000)
 Metaspace       used 79672K, capacity 84606K, committed 84864K, reserved 1124352K
  class space    used 10120K, capacity 10848K, committed 10880K, reserved 1048576K
Event: 13600.583 GC heap after
Heap after GC invocations=34 (full 3):
 PSYoungGen      total 245760K, used 54781K [0x00000000e0000000, 0x00000000f6780000, 0x0000000100000000)
  eden space 190976K, 0% used [0x00000000e0000000,0x00000000e0000000,0x00000000eba80000)
  from space 54784K, 99% used [0x00000000eba80000,0x00000000eefff7e0,0x00000000ef000000)
  to   space 65536K, 0% used [0x00000000f2780000,0x00000000f2780000,0x00000000f6780000)
 ParOldGen       total 108544K, used 89767K [0x00000000a0000000, 0x00000000a6a00000, 0x00000000e0000000)
  object space 108544K, 82% used [0x00000000a0000000,0x00000000a57a9dc8,0x00000000a6a00000)
 Metaspace       used 79672K, capacity 84606K, committed 84864K, reserved 1124352K
  class space    used 10120K, capacity 10848K, committed 10880K, reserved 1048576K
}
Event: 13601.519 GC heap before
{Heap before GC invocations=35 (full 3):
 PSYoungGen      total 245760K, used 245757K [0x00000000e0000000, 0x00000000f6780000, 0x0000000100000000)
  eden space 190976K, 100% used [0x00000000e0000000,0x00000000eba80000,0x00000000eba80000)
  from space 54784K, 99% used [0x00000000eba80000,0x00000000eefff7e0,0x00000000ef000000)
  to   space 65536K, 0% used [0x00000000f2780000,0x00000000f2780000,0x00000000f6780000)
 ParOldGen       total 108544K, used 89767K [0x00000000a0000000, 0x00000000a6a00000, 0x00000000e0000000)
  object space 108544K, 82% used [0x00000000a0000000,0x00000000a57a9dc8,0x00000000a6a00000)
 Metaspace       used 79914K, capacity 84798K, committed 84864K, reserved 1124352K
  class space    used 10120K, capacity 10848K, committed 10880K, reserved 1048576K
Event: 13601.619 GC heap after
Heap after GC invocations=35 (full 3):
 PSYoungGen      total 295424K, used 56699K [0x00000000e0000000, 0x00000000f7580000, 0x0000000100000000)
  eden space 229888K, 0% used [0x00000000e0000000,0x00000000e0000000,0x00000000ee080000)
  from space 65536K, 86% used [0x00000000f2780000,0x00000000f5edee58,0x00000000f6780000)
  to   space 72704K, 0% used [0x00000000ee080000,0x00000000ee080000,0x00000000f2780000)
 ParOldGen       total 108544K, used 93684K [0x00000000a0000000, 0x00000000a6a00000, 0x00000000e0000000)
  object space 108544K, 86% used [0x00000000a0000000,0x00000000a5b7d1d8,0x00000000a6a00000)
 Metaspace       used 79914K, capacity 84798K, committed 84864K, reserved 1124352K
  class space    used 10120K, capacity 10848K, committed 10880K, reserved 1048576K
}
Event: 13602.116 GC heap before
{Heap before GC invocations=36 (full 3):
 PSYoungGen      total 295424K, used 286587K [0x00000000e0000000, 0x00000000f7580000, 0x0000000100000000)
  eden space 229888K, 100% used [0x00000000e0000000,0x00000000ee080000,0x00000000ee080000)
  from space 65536K, 86% used [0x00000000f2780000,0x00000000f5edee58,0x00000000f6780000)
  to   space 72704K, 0% used [0x00000000ee080000,0x00000000ee080000,0x00000000f2780000)
 ParOldGen       total 108544K, used 93684K [0x00000000a0000000, 0x00000000a6a00000, 0x00000000e0000000)
  object space 108544K, 86% used [0x00000000a0000000,0x00000000a5b7d1d8,0x00000000a6a00000)
 Metaspace       used 79952K, capacity 84926K, committed 85120K, reserved 1124352K
  class space    used 10121K, capacity 10848K, committed 10880K, reserved 1048576K

